<?xml version="1.0" encoding="UTF-8"?>
<!-- Generated by org.testng.reporters.JUnitReportReporter -->
<testsuite skipped="0" hostname="ESL006" name="WebTestCases.TC_005_Get_all_city_weather_report" tests="1" failures="0" timestamp="03 Dec 2020 08:10:06 GMT" time="299.549" errors="0">
  <testcase name="TC_005_Get_All_City_Weather_Report" time="299.549" classname="WebTestCases.TC_005_Get_all_city_weather_report"/>
</testsuite> <!-- WebTestCases.TC_005_Get_all_city_weather_report -->
