<?xml version="1.0" encoding="UTF-8"?>
<!-- Generated by org.testng.reporters.JUnitReportReporter -->
<testsuite skipped="0" hostname="ESL006" name="WebTestCases.TC_006_Validate_error_message_when_user_enter_invalid_city" tests="1" failures="0" timestamp="03 Dec 2020 08:10:06 GMT" time="84.749" errors="0">
  <testcase name="TC_006_Validate_Error_Message_When_User_Enter_Invalid_City" time="84.749" classname="WebTestCases.TC_006_Validate_error_message_when_user_enter_invalid_city"/>
</testsuite> <!-- WebTestCases.TC_006_Validate_error_message_when_user_enter_invalid_city -->
