<?xml version="1.0" encoding="UTF-8"?>
<!-- Generated by org.testng.reporters.JUnitReportReporter -->
<testsuite skipped="0" hostname="ESL006" name="WebTestCases.TC_004_Daily_forecast_should_summarize_the_3_hour_data" tests="1" failures="0" timestamp="03 Dec 2020 08:10:06 GMT" time="77.285" errors="0">
  <testcase name="TC_004_Daily_Forecast_Should_Summarize_The_3_Hour_Data" time="77.285" classname="WebTestCases.TC_004_Daily_forecast_should_summarize_the_3_hour_data"/>
</testsuite> <!-- WebTestCases.TC_004_Daily_forecast_should_summarize_the_3_hour_data -->
