<?xml version="1.0" encoding="UTF-8"?>
<!-- Generated by org.testng.reporters.JUnitReportReporter -->
<testsuite skipped="0" hostname="ESL006" name="WebTestCases.TC_002_Get_hourly_Weather_report_for_day" tests="1" failures="0" timestamp="03 Dec 2020 08:10:06 GMT" time="26.596" errors="0">
  <testcase name="TC_002_Get_Hourly_Weather_Report_For_Day" time="26.596" classname="WebTestCases.TC_002_Get_hourly_Weather_report_for_day"/>
</testsuite> <!-- WebTestCases.TC_002_Get_hourly_Weather_report_for_day -->
