<?xml version="1.0" encoding="UTF-8"?>
<!-- Generated by org.testng.reporters.JUnitReportReporter -->
<testsuite skipped="0" hostname="ESL006" name="WebTestCases.TC_003_Get_hourly_Weather_report_for_day_and_hide_the_day" tests="1" failures="0" timestamp="03 Dec 2020 08:10:06 GMT" time="48.336" errors="0">
  <testcase name="TC_003_Get_Hourly_Weather_Report_For_Day_And_Hide_The_Day" time="48.336" classname="WebTestCases.TC_003_Get_hourly_Weather_report_for_day_and_hide_the_day"/>
</testsuite> <!-- WebTestCases.TC_003_Get_hourly_Weather_report_for_day_and_hide_the_day -->
