<?xml version="1.0" encoding="UTF-8"?>
<!-- Generated by org.testng.reporters.JUnitReportReporter -->
<testsuite skipped="0" hostname="ESL006" name="WebTestCases.TC_001_Get_Weather_Max_Report_For_WeekDay" tests="1" failures="0" timestamp="03 Dec 2020 08:10:06 GMT" time="61.323" errors="0">
  <testcase name="TC_001_Get_Weather_Max_Report_For_WeekDays" time="61.323" classname="WebTestCases.TC_001_Get_Weather_Max_Report_For_WeekDay"/>
</testsuite> <!-- WebTestCases.TC_001_Get_Weather_Max_Report_For_WeekDay -->
